<?xml version='1.0' encoding='UTF-8'?>
<testsuite hostname="LAPTOP-H2UUVAP7" name="LocationMatcherTest" tests="4" errors="0" failures="0" skipped="0" time="0.039" timestamp="2023-06-27T19:06:56">
          <properties>
      <property name="java.specification.version" value="17"/><property name="sun.cpu.isalist" value="amd64"/><property name="sun.jnu.encoding" value="Cp1252"/><property name="sun.arch.data.model" value="64"/><property name="java.vendor.url" value="https://java.oracle.com/"/><property name="user.country.format" value="DK"/><property name="sun.boot.library.path" value="C:\Program Files\Java\jdk-17.0.4.1\bin"/><property name="sun.java.command" value="xsbt.boot.Boot"/><property name="jdk.debug" value="release"/><property name="sun.stderr.encoding" value="cp850"/><property name="java.specification.vendor" value="Oracle Corporation"/><property name="java.version.date" value="2022-08-18"/><property name="java.home" value="C:\Program Files\Java\jdk-17.0.4.1"/><property name="file.separator" value="\"/><property name="java.vm.compressedOopsMode" value="32-bit"/><property name="line.separator" value="
"/><property name="sun.stdout.encoding" value="cp850"/><property name="java.vm.specification.vendor" value="Oracle Corporation"/><property name="java.specification.name" value="Java Platform API Specification"/><property name="user.script" value=""/><property name="sun.management.compiler" value="HotSpot 64-Bit Tiered Compilers"/><property name="java.runtime.version" value="17.0.4.1+1-LTS-2"/><property name="user.name" value="matas"/><property name="log4j.ignoreTCL" value="true"/><property name="file.encoding" value="UTF-8"/><property name="jnidispatch.path" value="C:\Users\matas\AppData\Local\Temp\jna-103668114\jna9425808907181617223.dll"/><property name="jna.loaded" value="true"/><property name="java.io.tmpdir" value="C:\Users\matas\AppData\Local\Temp\"/><property name="java.version" value="17.0.4.1"/><property name="java.vm.specification.name" value="Java Virtual Machine Specification"/><property name="sun.os.patch.level" value=""/><property name="native.encoding" value="Cp1252"/><property name="java.library.path" value="C:\Program Files\Java\jdk-17.0.4.1\bin;C:\WINDOWS\Sun\Java\bin;C:\WINDOWS\system32;C:\WINDOWS;C:\Program Files\Java\jdk-17.0.4.1\bin;C:\Program Files\Common Files\Oracle\Java\javapath;C:\Program Files (x86)\Razer Chroma SDK\bin;C:\Program Files\Razer Chroma SDK\bin;C:\Program Files (x86)\Razer\ChromaBroadcast\bin;C:\Program Files\Razer\ChromaBroadcast\bin;C:\windows\system32;C:\windows;C:\windows\System32\Wbem;C:\windows\System32\WindowsPowerShell\v1.0\;C:\windows\System32\OpenSSH\;C:\Program Files (x86)\NVIDIA Corporation\PhysX\Common;C:\Program Files\NVIDIA Corporation\NVIDIA NvDLISR;C:\WINDOWS\system32;C:\WINDOWS;C:\WINDOWS\System32\Wbem;C:\WINDOWS\System32\WindowsPowerShell\v1.0\;C:\WINDOWS\System32\OpenSSH\;C:\Users\matas\AppData\Local\Microsoft\WindowsApps;C:\Program Files\Java\jdk-11.0.2\bin;C:\Program Files\dotnet\;C:\Program Files\Microsoft SQL Server\150\Tools\Binn\;C:\Program Files\Microsoft SQL Server\Client SDK\ODBC\170\Tools\Binn\;C:\Program Files\Git\cmd;C:\Program Files\nodejs\;C:\WINDOWS\system32;C:\WINDOWS;C:\WINDOWS\System32\Wbem;C:\WINDOWS\System32\WindowsPowerShell\v1.0\;C:\WINDOWS\System32\OpenSSH\;C:\Program Files\Docker\Docker\resources\bin;C:\ProgramData\ComposerSetup\bin;C:\Program Files\CMake\bin;C:\Program Files\Microsoft Visual Studio\2022\Community\MSBuild\Current\Bin;C:\Users\matas\Documents\mingw64\bin;C:\Users\matas\AppData\Local\Coursier\data\bin;C:\Program Files (x86)\sbt\bin;C:\Program Files (x86)\sbt\bin;C:\Users\matas\scoop\shims;C:\Users\matas\AppData\Local\Microsoft\WindowsApps;C:\Users\matas\AppData\Local\Programs\Microsoft VS Code\bin;C:\Users\matas\AppData\Local\GitHubDesktop\bin;C:\Program Files\nodejs;C:\Program Files\maven\apache-maven-3.8.6\bin;C:\Users\matas\.dotnet\tools;C:\Program Files\JetBrains\JetBrains Rider 2022.2.2\bin;;C:\Program Files\JetBrains\IntelliJ IDEA 2022.2.2\bin;;C:\Program Files\JetBrains\DataGrip 2022.2.5\bin;;C:\Users\matas\AppData\Roaming\npm;&quot;C:\php;C:\Windows\System32&quot;;C:\Users\matas\AppData\Roaming\Composer\vendor\bin;;."/><property name="java.vendor" value="Oracle Corporation"/><property name="scala.ext.dirs" value="C:\Users\matas\.sbt\1.0\java9-rt-ext-oracle_corporation_17_0_4_1"/><property name="sun.io.unicode.encoding" value="UnicodeLittle"/><property name="java.class.path" value="C:\Program Files (x86)\sbt\\bin\sbt-launch.jar"/><property name="java.vm.vendor" value="Oracle Corporation"/><property name="user.variant" value=""/><property name="jline.shutdownhook" value="false"/><property name="user.timezone" value="Europe/Kiev"/><property name="java.vm.specification.version" value="17"/><property name="os.name" value="Windows 11"/><property name="sun.java.launcher" value="SUN_STANDARD"/><property name="user.country" value="GB"/><property name="sun.cpu.endian" value="little"/><property name="user.home" value="C:\Users\matas"/><property name="user.language" value="en"/><property name="sbt.ipcsocket.tmpdir" value="C:\Users\matas\AppData\Local\Temp\.sbtc8482645\ipcsocket"/><property name="swoval.tmpdir" value="C:\Users\matas\AppData\Local\Temp\.sbtc8482645\swoval"/><property name="jline.esc.timeout" value="0"/><property name="path.separator" value=";"/><property name="os.version" value="10.0"/><property name="jna.nosys" value="true"/><property name="java.runtime.name" value="Java(TM) SE Runtime Environment"/><property name="java.vm.name" value="Java HotSpot(TM) 64-Bit Server VM"/><property name="java.vendor.url.bug" value="https://bugreport.java.com/bugreport/"/><property name="user.dir" value="C:\Users\matas\Documents\TravelTimeTask\TravelTime-Internship-Task\TravelTimeTask"/><property name="os.arch" value="amd64"/><property name="java.vm.info" value="mixed mode, sharing"/><property name="java.vm.version" value="17.0.4.1+1-LTS-2"/><property name="java.class.version" value="61.0"/>
    </properties>
          <testcase classname="LocationMatcherTest" name="ReadJSON should return an empty list of matched results when no locations and regions are provided" time="0.023">
                      
                    </testcase><testcase classname="LocationMatcherTest" name="ReadJSON should return an empty list of matched results when locations and regions are provided, but there are no matches" time="0.002">
                      
                    </testcase><testcase classname="LocationMatcherTest" name="ReadJSON should match locations to regions" time="0.013">
                      
                    </testcase><testcase classname="LocationMatcherTest" name="ReadJSON should handle overlapping regions" time="0.001">
                      
                    </testcase>
          <system-out><![CDATA[]]></system-out>
          <system-err><![CDATA[]]></system-err>
        </testsuite>